<?xml version="1.0" encoding="UTF-8"?>
<!-- Generated by org.testng.reporters.JUnitReportReporter -->
<testsuite name="Bustbuy" tests="1" time="21.582" ignored="0" failures="0" timestamp="01 Aug 2017 12:28:16 GMT" skipped="0" hostname="comp34" errors="0">
  <testcase name="Test1" time="21.582" classname="Bustbuy"/>
</testsuite> <!-- Bustbuy -->
