<?xml version="1.0" encoding="UTF-8"?>
<!-- Generated by org.testng.reporters.JUnitReportReporter -->
<testsuite name="MyTest" tests="1" time="0.004" ignored="0" failures="0" timestamp="01 Aug 2017 12:08:33 GMT" skipped="0" hostname="comp34" errors="0">
  <testcase name="Test123" time="0.004" classname="MyTest"/>
</testsuite> <!-- MyTest -->
